[INFO  - 2021-08-24T08:55:12.996Z] GhostDriver - Main - running on port 61466
[INFO  - 2021-08-24T08:55:15.242Z] Session [ffb81370-04b8-11ec-a4cc-a52af0ecc171] - page.settings - {"XSSAuditingEnabled":false,"javascriptCanCloseWindows":true,"javascriptCanOpenWindows":true,"javascriptEnabled":true,"loadImages":true,"localToRemoteUrlAccessEnabled":false,"userAgent":"Mozilla/5.0 (Windows NT 6.2; WOW64) AppleWebKit/538.1 (KHTML, like Gecko) PhantomJS/2.1.1 Safari/538.1","webSecurityEnabled":true}
[INFO  - 2021-08-24T08:55:15.242Z] Session [ffb81370-04b8-11ec-a4cc-a52af0ecc171] - page.customHeaders:  - {}
[INFO  - 2021-08-24T08:55:15.242Z] Session [ffb81370-04b8-11ec-a4cc-a52af0ecc171] - Session.negotiatedCapabilities - {"browserName":"phantomjs","version":"2.1.1","driverName":"ghostdriver","driverVersion":"1.2.0","platform":"windows-10-32bit","javascriptEnabled":true,"takesScreenshot":true,"handlesAlerts":false,"databaseEnabled":false,"locationContextEnabled":false,"applicationCacheEnabled":false,"browserConnectionEnabled":false,"cssSelectorsEnabled":true,"webStorageEnabled":false,"rotatable":false,"acceptSslCerts":false,"nativeEvents":true,"proxy":{"proxyType":"direct"}}
[INFO  - 2021-08-24T08:55:15.242Z] SessionManagerReqHand - _postNewSessionCommand - New Session Created: ffb81370-04b8-11ec-a4cc-a52af0ecc171
[ERROR - 2021-08-24T08:55:16.123Z] Session [ffb81370-04b8-11ec-a4cc-a52af0ecc171] - page.onError - msg: ReferenceError: Can't find variable: WeakMap

  phantomjs://platform/console++.js:263 in error
[ERROR - 2021-08-24T08:55:16.123Z] Session [ffb81370-04b8-11ec-a4cc-a52af0ecc171] - page.onError - stack:
  (anonymous function) (https://ads.rubiconproject.com/prebid/10738_TWC.js:5)
  f (https://ads.rubiconproject.com/prebid/10738_TWC.js:5)
  (anonymous function) (https://ads.rubiconproject.com/prebid/10738_TWC.js:5)
  f (https://ads.rubiconproject.com/prebid/10738_TWC.js:5)
  (anonymous function) (https://ads.rubiconproject.com/prebid/10738_TWC.js:5)
  f (https://ads.rubiconproject.com/prebid/10738_TWC.js:5)
  (anonymous function) (https://ads.rubiconproject.com/prebid/10738_TWC.js:5)
  f (https://ads.rubiconproject.com/prebid/10738_TWC.js:5)
  (anonymous function) (https://ads.rubiconproject.com/prebid/10738_TWC.js:5)
  f (https://ads.rubiconproject.com/prebid/10738_TWC.js:5)
  (anonymous function) (https://ads.rubiconproject.com/prebid/10738_TWC.js:5)
  f (https://ads.rubiconproject.com/prebid/10738_TWC.js:5)
  (anonymous function) (https://ads.rubiconproject.com/prebid/10738_TWC.js:5)
  f (https://ads.rubiconproject.com/prebid/10738_TWC.js:5)
  (anonymous function) (https://ads.rubiconproject.com/prebid/10738_TWC.js:5)
  f (https://ads.rubiconproject.com/prebid/10738_TWC.js:5)
  (anonymous function) (https://ads.rubiconproject.com/prebid/10738_TWC.js:5)
  f (https://ads.rubiconproject.com/prebid/10738_TWC.js:5)
  (anonymous function) (https://ads.rubiconproject.com/prebid/10738_TWC.js:5)

  phantomjs://platform/console++.js:263 in error
